2019-12-19 06:29:05 dashboard.views 48 DEBUG 打印日志
2019-12-19 06:29:12 dashboard.views 59 INFO 打印info日志
2019-12-19 06:29:12 dashboard.views 60 WARNING 打印warning日志
2019-12-19 06:29:12 dashboard.views 61 ERROR 打印error日志
2019-12-19 06:29:22 django.request 118 ERROR Internal Server Error: /dashboard/list/
Traceback (most recent call last):
  File "/home/vagrant/project/env/lib/python3.6/site-packages/django/core/handlers/exception.py", line 35, in inner
    response = get_response(request)
  File "/home/vagrant/project/env/lib/python3.6/site-packages/django/core/handlers/base.py", line 128, in _get_response
    response = self.process_exception_by_middleware(e, request)
  File "/home/vagrant/project/env/lib/python3.6/site-packages/django/core/handlers/base.py", line 126, in _get_response
    response = wrapped_callback(request, *callback_args, **callback_kwargs)
  File "/home/vagrant/project/env/lib/python3.6/site-packages/django/views/generic/base.py", line 69, in view
    return self.dispatch(request, *args, **kwargs)
  File "/home/vagrant/project/env/lib/python3.6/site-packages/django/views/generic/base.py", line 89, in dispatch
    return handler(request, *args, **kwargs)
  File "/home/vagrant/project/ops/dashboard/views.py", line 56, in get
    queryset = User.objects.all()[start:end]
  File "/home/vagrant/project/env/lib/python3.6/site-packages/django/db/models/query.py", line 286, in __getitem__
    "Negative indexing is not supported."
AssertionError: Negative indexing is not supported.
2019-12-19 06:30:49 dashboard.views 48 DEBUG 打印日志
2019-12-19 06:31:59 dashboard.views 48 DEBUG 打印日志
2019-12-19 06:32:06 dashboard.views 59 INFO 打印info日志
2019-12-19 06:32:06 dashboard.views 60 WARNING 打印warning日志
2019-12-19 06:46:50 dashboard.views 48 DEBUG 打印日志
2019-12-19 06:52:16 dashboard.views 48 DEBUG 打印日志
2019-12-19 07:58:57 dashboard.views 48 DEBUG 打印日志
2019-12-19 08:37:36 dashboard.views 48 DEBUG 打印日志
2019-12-19 08:38:33 dashboard.views 48 DEBUG 打印日志
2019-12-19 08:38:43 dashboard.views 48 DEBUG 打印日志
2019-12-19 08:47:22 dashboard.views 48 DEBUG 打印日志
2019-12-20 02:29:12 dashboard.views 50 DEBUG 打印日志
2019-12-20 02:29:16 django.template 878 DEBUG Exception while resolving variable 'name' in template 'unknown'.
Traceback (most recent call last):
  File "/home/vagrant/project/env/lib/python3.6/site-packages/django/core/handlers/exception.py", line 35, in inner
    response = get_response(request)
  File "/home/vagrant/project/env/lib/python3.6/site-packages/django/core/handlers/base.py", line 113, in _get_response
    resolver_match = resolver.resolve(request.path_info)
  File "/home/vagrant/project/env/lib/python3.6/site-packages/django/urls/resolvers.py", line 523, in resolve
    raise Resolver404({'tried': tried, 'path': new_path})
django.urls.exceptions.Resolver404: {'tried': [[<URLResolver <URLPattern list> (admin:admin) 'admin/'>], [<URLResolver <module 'dashboard.urls' from '/home/vagrant/project/ops/dashboard/urls.py'> (None:None) 'dashboard/'>]], 'path': ''}

During handling of the above exception, another exception occurred:

Traceback (most recent call last):
  File "/home/vagrant/project/env/lib/python3.6/site-packages/django/template/base.py", line 835, in _resolve_lookup
    current = current[bit]
TypeError: 'URLResolver' object is not subscriptable

During handling of the above exception, another exception occurred:

Traceback (most recent call last):
  File "/home/vagrant/project/env/lib/python3.6/site-packages/django/template/base.py", line 843, in _resolve_lookup
    current = getattr(current, bit)
AttributeError: 'URLResolver' object has no attribute 'name'

During handling of the above exception, another exception occurred:

Traceback (most recent call last):
  File "/home/vagrant/project/env/lib/python3.6/site-packages/django/template/base.py", line 849, in _resolve_lookup
    current = current[int(bit)]
ValueError: invalid literal for int() with base 10: 'name'

During handling of the above exception, another exception occurred:

Traceback (most recent call last):
  File "/home/vagrant/project/env/lib/python3.6/site-packages/django/template/base.py", line 856, in _resolve_lookup
    (bit, current))  # missing attribute
django.template.base.VariableDoesNotExist: Failed lookup for key [name] in <URLResolver <URLPattern list> (admin:admin) 'admin/'>
2019-12-20 02:29:16 django.template 878 DEBUG Exception while resolving variable 'name' in template 'unknown'.
Traceback (most recent call last):
  File "/home/vagrant/project/env/lib/python3.6/site-packages/django/core/handlers/exception.py", line 35, in inner
    response = get_response(request)
  File "/home/vagrant/project/env/lib/python3.6/site-packages/django/core/handlers/base.py", line 113, in _get_response
    resolver_match = resolver.resolve(request.path_info)
  File "/home/vagrant/project/env/lib/python3.6/site-packages/django/urls/resolvers.py", line 523, in resolve
    raise Resolver404({'tried': tried, 'path': new_path})
django.urls.exceptions.Resolver404: {'tried': [[<URLResolver <URLPattern list> (admin:admin) 'admin/'>], [<URLResolver <module 'dashboard.urls' from '/home/vagrant/project/ops/dashboard/urls.py'> (None:None) 'dashboard/'>]], 'path': ''}

During handling of the above exception, another exception occurred:

Traceback (most recent call last):
  File "/home/vagrant/project/env/lib/python3.6/site-packages/django/template/base.py", line 835, in _resolve_lookup
    current = current[bit]
TypeError: 'URLResolver' object is not subscriptable

During handling of the above exception, another exception occurred:

Traceback (most recent call last):
  File "/home/vagrant/project/env/lib/python3.6/site-packages/django/template/base.py", line 843, in _resolve_lookup
    current = getattr(current, bit)
AttributeError: 'URLResolver' object has no attribute 'name'

During handling of the above exception, another exception occurred:

Traceback (most recent call last):
  File "/home/vagrant/project/env/lib/python3.6/site-packages/django/template/base.py", line 849, in _resolve_lookup
    current = current[int(bit)]
ValueError: invalid literal for int() with base 10: 'name'

During handling of the above exception, another exception occurred:

Traceback (most recent call last):
  File "/home/vagrant/project/env/lib/python3.6/site-packages/django/template/base.py", line 856, in _resolve_lookup
    (bit, current))  # missing attribute
django.template.base.VariableDoesNotExist: Failed lookup for key [name] in <URLResolver <module 'dashboard.urls' from '/home/vagrant/project/ops/dashboard/urls.py'> (None:None) 'dashboard/'>
2019-12-20 02:29:23 django.template 878 DEBUG Exception while resolving variable 'name' in template 'unknown'.
Traceback (most recent call last):
  File "/home/vagrant/project/env/lib/python3.6/site-packages/django/core/handlers/exception.py", line 35, in inner
    response = get_response(request)
  File "/home/vagrant/project/env/lib/python3.6/site-packages/django/core/handlers/base.py", line 113, in _get_response
    resolver_match = resolver.resolve(request.path_info)
  File "/home/vagrant/project/env/lib/python3.6/site-packages/django/urls/resolvers.py", line 523, in resolve
    raise Resolver404({'tried': tried, 'path': new_path})
django.urls.exceptions.Resolver404: {'tried': [[<URLResolver <URLPattern list> (admin:admin) 'admin/'>], [<URLResolver <module 'dashboard.urls' from '/home/vagrant/project/ops/dashboard/urls.py'> (None:None) 'dashboard/'>]], 'path': 'favicon.ico'}

During handling of the above exception, another exception occurred:

Traceback (most recent call last):
  File "/home/vagrant/project/env/lib/python3.6/site-packages/django/template/base.py", line 835, in _resolve_lookup
    current = current[bit]
TypeError: 'URLResolver' object is not subscriptable

During handling of the above exception, another exception occurred:

Traceback (most recent call last):
  File "/home/vagrant/project/env/lib/python3.6/site-packages/django/template/base.py", line 843, in _resolve_lookup
    current = getattr(current, bit)
AttributeError: 'URLResolver' object has no attribute 'name'

During handling of the above exception, another exception occurred:

Traceback (most recent call last):
  File "/home/vagrant/project/env/lib/python3.6/site-packages/django/template/base.py", line 849, in _resolve_lookup
    current = current[int(bit)]
ValueError: invalid literal for int() with base 10: 'name'

During handling of the above exception, another exception occurred:

Traceback (most recent call last):
  File "/home/vagrant/project/env/lib/python3.6/site-packages/django/template/base.py", line 856, in _resolve_lookup
    (bit, current))  # missing attribute
django.template.base.VariableDoesNotExist: Failed lookup for key [name] in <URLResolver <URLPattern list> (admin:admin) 'admin/'>
2019-12-20 02:29:23 django.template 878 DEBUG Exception while resolving variable 'name' in template 'unknown'.
Traceback (most recent call last):
  File "/home/vagrant/project/env/lib/python3.6/site-packages/django/core/handlers/exception.py", line 35, in inner
    response = get_response(request)
  File "/home/vagrant/project/env/lib/python3.6/site-packages/django/core/handlers/base.py", line 113, in _get_response
    resolver_match = resolver.resolve(request.path_info)
  File "/home/vagrant/project/env/lib/python3.6/site-packages/django/urls/resolvers.py", line 523, in resolve
    raise Resolver404({'tried': tried, 'path': new_path})
django.urls.exceptions.Resolver404: {'tried': [[<URLResolver <URLPattern list> (admin:admin) 'admin/'>], [<URLResolver <module 'dashboard.urls' from '/home/vagrant/project/ops/dashboard/urls.py'> (None:None) 'dashboard/'>]], 'path': 'favicon.ico'}

During handling of the above exception, another exception occurred:

Traceback (most recent call last):
  File "/home/vagrant/project/env/lib/python3.6/site-packages/django/template/base.py", line 835, in _resolve_lookup
    current = current[bit]
TypeError: 'URLResolver' object is not subscriptable

During handling of the above exception, another exception occurred:

Traceback (most recent call last):
  File "/home/vagrant/project/env/lib/python3.6/site-packages/django/template/base.py", line 843, in _resolve_lookup
    current = getattr(current, bit)
AttributeError: 'URLResolver' object has no attribute 'name'

During handling of the above exception, another exception occurred:

Traceback (most recent call last):
  File "/home/vagrant/project/env/lib/python3.6/site-packages/django/template/base.py", line 849, in _resolve_lookup
    current = current[int(bit)]
ValueError: invalid literal for int() with base 10: 'name'

During handling of the above exception, another exception occurred:

Traceback (most recent call last):
  File "/home/vagrant/project/env/lib/python3.6/site-packages/django/template/base.py", line 856, in _resolve_lookup
    (bit, current))  # missing attribute
django.template.base.VariableDoesNotExist: Failed lookup for key [name] in <URLResolver <module 'dashboard.urls' from '/home/vagrant/project/ops/dashboard/urls.py'> (None:None) 'dashboard/'>
2019-12-20 06:42:33 dashboard.views 50 DEBUG 打印日志
2019-12-20 06:51:20 dashboard.views 51 DEBUG 打印日志
2019-12-20 06:52:53 dashboard.views 51 DEBUG 打印日志
2019-12-20 06:57:48 dashboard.views 51 DEBUG 打印日志
2019-12-20 06:59:49 dashboard.views 51 DEBUG 打印日志
2019-12-20 07:25:09 dashboard.views 51 DEBUG 打印日志
2019-12-20 07:25:27 dashboard.views 51 DEBUG 打印日志
2019-12-20 07:26:55 dashboard.views 51 DEBUG 打印日志
2019-12-20 07:27:44 dashboard.views 51 DEBUG 打印日志
2019-12-20 07:30:21 dashboard.views 51 DEBUG 打印日志
2019-12-20 07:30:50 dashboard.views 51 DEBUG 打印日志
2019-12-20 08:17:56 dashboard.views 51 DEBUG 打印日志
2019-12-20 08:18:05 dashboard.views 51 DEBUG 打印日志
2019-12-20 08:21:57 parso.python.diff 213 DEBUG diff parser start
2019-12-20 08:21:57 parso.python.diff 224 DEBUG line_lengths old: 1; new: 1
2019-12-20 08:21:57 parso.python.diff 228 DEBUG -> code[replace] old[1:1] new[1:1]
2019-12-20 08:21:57 parso.python.diff 341 DEBUG parse_part from 1 to 1 (to 0 in part parser)
2019-12-20 08:21:57 parso.python.diff 264 DEBUG diff parser end
2019-12-20 08:21:58 parso.python.diff 213 DEBUG diff parser start
2019-12-20 08:21:58 parso.python.diff 224 DEBUG line_lengths old: 1; new: 1
2019-12-20 08:21:58 parso.python.diff 228 DEBUG -> code[replace] old[1:1] new[1:1]
2019-12-20 08:21:58 parso.python.diff 341 DEBUG parse_part from 1 to 1 (to 0 in part parser)
2019-12-20 08:21:58 parso.python.diff 264 DEBUG diff parser end
2019-12-20 08:21:58 parso.cache 126 DEBUG pickle loaded: /home/vagrant/project/env/lib/python3.6/site-packages/jedi/third_party/typeshed/stdlib/2and3/builtins.pyi
2019-12-20 08:22:00 parso.python.diff 213 DEBUG diff parser start
2019-12-20 08:22:00 parso.python.diff 224 DEBUG line_lengths old: 1; new: 1
2019-12-20 08:22:00 parso.python.diff 228 DEBUG -> code[replace] old[1:1] new[1:1]
2019-12-20 08:22:00 parso.python.diff 341 DEBUG parse_part from 1 to 1 (to 0 in part parser)
2019-12-20 08:22:00 parso.python.diff 264 DEBUG diff parser end
2019-12-20 08:22:02 parso.python.diff 213 DEBUG diff parser start
2019-12-20 08:22:02 parso.python.diff 224 DEBUG line_lengths old: 1; new: 1
2019-12-20 08:22:02 parso.python.diff 228 DEBUG -> code[replace] old[1:1] new[1:1]
2019-12-20 08:22:03 parso.python.diff 341 DEBUG parse_part from 1 to 1 (to 0 in part parser)
2019-12-20 08:22:03 parso.python.diff 264 DEBUG diff parser end
2019-12-20 08:22:26 parso.python.diff 213 DEBUG diff parser start
2019-12-20 08:22:26 parso.python.diff 224 DEBUG line_lengths old: 1; new: 1
2019-12-20 08:22:26 parso.python.diff 228 DEBUG -> code[replace] old[1:1] new[1:1]
2019-12-20 08:22:26 parso.python.diff 341 DEBUG parse_part from 1 to 1 (to 0 in part parser)
2019-12-20 08:22:26 parso.python.diff 264 DEBUG diff parser end
2019-12-20 08:22:26 parso.cache 126 DEBUG pickle loaded: /home/vagrant/project/env/lib/python3.6/site-packages/jedi/third_party/typeshed/stdlib/3/sys.pyi
2019-12-20 08:22:28 parso.python.diff 213 DEBUG diff parser start
2019-12-20 08:22:28 parso.python.diff 224 DEBUG line_lengths old: 1; new: 1
2019-12-20 08:22:28 parso.python.diff 228 DEBUG -> code[replace] old[1:1] new[1:1]
2019-12-20 08:22:28 parso.python.diff 341 DEBUG parse_part from 1 to 1 (to 0 in part parser)
2019-12-20 08:22:28 parso.python.diff 264 DEBUG diff parser end
2019-12-20 08:22:28 parso.cache 126 DEBUG pickle loaded: /usr/local/python36/lib/python3.6/typing.py
2019-12-20 08:22:28 parso.cache 126 DEBUG pickle loaded: /home/vagrant/project/env/lib/python3.6/site-packages/jedi/third_party/typeshed/stdlib/3/typing.pyi
2019-12-20 08:22:28 parso.cache 126 DEBUG pickle loaded: /home/vagrant/project/env/lib/python3.6/site-packages/django/db/models/manager.py
2019-12-20 08:22:30 parso.python.diff 213 DEBUG diff parser start
2019-12-20 08:22:30 parso.python.diff 224 DEBUG line_lengths old: 1; new: 1
2019-12-20 08:22:30 parso.python.diff 228 DEBUG -> code[replace] old[1:1] new[1:1]
2019-12-20 08:22:30 parso.python.diff 341 DEBUG parse_part from 1 to 1 (to 0 in part parser)
2019-12-20 08:22:30 parso.python.diff 264 DEBUG diff parser end
2019-12-20 08:23:05 parso.python.diff 213 DEBUG diff parser start
2019-12-20 08:23:05 parso.python.diff 224 DEBUG line_lengths old: 1; new: 1
2019-12-20 08:23:05 parso.python.diff 228 DEBUG -> code[replace] old[1:1] new[1:1]
2019-12-20 08:23:05 parso.python.diff 341 DEBUG parse_part from 1 to 1 (to 0 in part parser)
2019-12-20 08:23:05 parso.python.diff 264 DEBUG diff parser end
2019-12-20 08:23:37 parso.python.diff 213 DEBUG diff parser start
2019-12-20 08:23:37 parso.python.diff 224 DEBUG line_lengths old: 1; new: 1
2019-12-20 08:23:37 parso.python.diff 228 DEBUG -> code[replace] old[1:1] new[1:1]
2019-12-20 08:23:37 parso.python.diff 341 DEBUG parse_part from 1 to 1 (to 0 in part parser)
2019-12-20 08:23:37 parso.python.diff 264 DEBUG diff parser end
2019-12-20 08:23:41 parso.python.diff 213 DEBUG diff parser start
2019-12-20 08:23:41 parso.python.diff 224 DEBUG line_lengths old: 1; new: 1
2019-12-20 08:23:41 parso.python.diff 228 DEBUG -> code[replace] old[1:1] new[1:1]
2019-12-20 08:23:41 parso.python.diff 341 DEBUG parse_part from 1 to 1 (to 0 in part parser)
2019-12-20 08:23:41 parso.python.diff 264 DEBUG diff parser end
2019-12-20 08:23:44 parso.python.diff 213 DEBUG diff parser start
2019-12-20 08:23:44 parso.python.diff 224 DEBUG line_lengths old: 1; new: 1
2019-12-20 08:23:44 parso.python.diff 228 DEBUG -> code[replace] old[1:1] new[1:1]
2019-12-20 08:23:44 parso.python.diff 341 DEBUG parse_part from 1 to 1 (to 0 in part parser)
2019-12-20 08:23:44 parso.python.diff 264 DEBUG diff parser end
2019-12-20 08:24:37 parso.python.diff 213 DEBUG diff parser start
2019-12-20 08:24:37 parso.python.diff 224 DEBUG line_lengths old: 1; new: 1
2019-12-20 08:24:37 parso.python.diff 228 DEBUG -> code[replace] old[1:1] new[1:1]
2019-12-20 08:24:37 parso.python.diff 341 DEBUG parse_part from 1 to 1 (to 0 in part parser)
2019-12-20 08:24:37 parso.python.diff 264 DEBUG diff parser end
2019-12-20 08:24:52 parso.python.diff 213 DEBUG diff parser start
2019-12-20 08:24:52 parso.python.diff 224 DEBUG line_lengths old: 1; new: 1
2019-12-20 08:24:52 parso.python.diff 228 DEBUG -> code[replace] old[1:1] new[1:1]
2019-12-20 08:24:52 parso.python.diff 341 DEBUG parse_part from 1 to 1 (to 0 in part parser)
2019-12-20 08:24:52 parso.python.diff 264 DEBUG diff parser end
2019-12-20 08:28:02 parso.python.diff 213 DEBUG diff parser start
2019-12-20 08:28:02 parso.python.diff 224 DEBUG line_lengths old: 1; new: 1
2019-12-20 08:28:02 parso.python.diff 228 DEBUG -> code[replace] old[1:1] new[1:1]
2019-12-20 08:28:02 parso.python.diff 341 DEBUG parse_part from 1 to 1 (to 0 in part parser)
2019-12-20 08:28:02 parso.python.diff 264 DEBUG diff parser end
2019-12-20 08:28:22 parso.python.diff 213 DEBUG diff parser start
2019-12-20 08:28:22 parso.python.diff 224 DEBUG line_lengths old: 1; new: 1
2019-12-20 08:28:22 parso.python.diff 228 DEBUG -> code[replace] old[1:1] new[1:1]
2019-12-20 08:28:22 parso.python.diff 341 DEBUG parse_part from 1 to 1 (to 0 in part parser)
2019-12-20 08:28:22 parso.python.diff 264 DEBUG diff parser end
2019-12-20 08:28:24 parso.python.diff 213 DEBUG diff parser start
2019-12-20 08:28:24 parso.python.diff 224 DEBUG line_lengths old: 1; new: 1
2019-12-20 08:28:24 parso.python.diff 228 DEBUG -> code[replace] old[1:1] new[1:1]
2019-12-20 08:28:24 parso.python.diff 341 DEBUG parse_part from 1 to 1 (to 0 in part parser)
2019-12-20 08:28:24 parso.python.diff 264 DEBUG diff parser end
2019-12-20 08:28:48 parso.python.diff 213 DEBUG diff parser start
2019-12-20 08:28:48 parso.python.diff 224 DEBUG line_lengths old: 1; new: 1
2019-12-20 08:28:48 parso.python.diff 228 DEBUG -> code[replace] old[1:1] new[1:1]
2019-12-20 08:28:48 parso.python.diff 341 DEBUG parse_part from 1 to 1 (to 0 in part parser)
2019-12-20 08:28:48 parso.python.diff 264 DEBUG diff parser end
2019-12-20 08:28:56 parso.python.diff 213 DEBUG diff parser start
2019-12-20 08:28:56 parso.python.diff 224 DEBUG line_lengths old: 1; new: 1
2019-12-20 08:28:56 parso.python.diff 228 DEBUG -> code[replace] old[1:1] new[1:1]
2019-12-20 08:28:56 parso.python.diff 341 DEBUG parse_part from 1 to 1 (to 0 in part parser)
2019-12-20 08:28:56 parso.python.diff 264 DEBUG diff parser end
2019-12-20 08:28:56 parso.cache 126 DEBUG pickle loaded: /home/vagrant/project/env/lib/python3.6/site-packages/django/db/models/base.py
2019-12-20 08:29:33 parso.python.diff 213 DEBUG diff parser start
2019-12-20 08:29:33 parso.python.diff 224 DEBUG line_lengths old: 1; new: 1
2019-12-20 08:29:33 parso.python.diff 228 DEBUG -> code[replace] old[1:1] new[1:1]
2019-12-20 08:29:33 parso.python.diff 341 DEBUG parse_part from 1 to 1 (to 0 in part parser)
2019-12-20 08:29:33 parso.python.diff 264 DEBUG diff parser end
2019-12-20 08:29:41 parso.python.diff 213 DEBUG diff parser start
2019-12-20 08:29:41 parso.python.diff 224 DEBUG line_lengths old: 1; new: 1
2019-12-20 08:29:41 parso.python.diff 228 DEBUG -> code[replace] old[1:1] new[1:1]
2019-12-20 08:29:41 parso.python.diff 341 DEBUG parse_part from 1 to 1 (to 0 in part parser)
2019-12-20 08:29:41 parso.python.diff 264 DEBUG diff parser end
2019-12-20 08:29:42 parso.python.diff 213 DEBUG diff parser start
2019-12-20 08:29:42 parso.python.diff 224 DEBUG line_lengths old: 1; new: 1
2019-12-20 08:29:42 parso.python.diff 228 DEBUG -> code[replace] old[1:1] new[1:1]
2019-12-20 08:29:42 parso.python.diff 341 DEBUG parse_part from 1 to 1 (to 0 in part parser)
2019-12-20 08:29:42 parso.python.diff 264 DEBUG diff parser end
2019-12-20 08:30:13 parso.python.diff 213 DEBUG diff parser start
2019-12-20 08:30:13 parso.python.diff 224 DEBUG line_lengths old: 1; new: 1
2019-12-20 08:30:13 parso.python.diff 228 DEBUG -> code[replace] old[1:1] new[1:1]
2019-12-20 08:30:13 parso.python.diff 341 DEBUG parse_part from 1 to 1 (to 0 in part parser)
2019-12-20 08:30:13 parso.python.diff 264 DEBUG diff parser end
2019-12-20 08:30:20 parso.python.diff 213 DEBUG diff parser start
2019-12-20 08:30:20 parso.python.diff 224 DEBUG line_lengths old: 1; new: 1
2019-12-20 08:30:20 parso.python.diff 228 DEBUG -> code[replace] old[1:1] new[1:1]
2019-12-20 08:30:20 parso.python.diff 341 DEBUG parse_part from 1 to 1 (to 0 in part parser)
2019-12-20 08:30:20 parso.python.diff 264 DEBUG diff parser end
2019-12-20 08:34:26 parso.python.diff 213 DEBUG diff parser start
2019-12-20 08:34:26 parso.python.diff 224 DEBUG line_lengths old: 1; new: 1
2019-12-20 08:34:26 parso.python.diff 228 DEBUG -> code[replace] old[1:1] new[1:1]
2019-12-20 08:34:26 parso.python.diff 341 DEBUG parse_part from 1 to 1 (to 0 in part parser)
2019-12-20 08:34:26 parso.python.diff 264 DEBUG diff parser end
2019-12-20 08:34:26 parso.cache 126 DEBUG pickle loaded: /home/vagrant/project/env/lib/python3.6/site-packages/django/db/models/fields/related_descriptors.py
2019-12-20 08:34:49 parso.python.diff 213 DEBUG diff parser start
2019-12-20 08:34:49 parso.python.diff 224 DEBUG line_lengths old: 1; new: 1
2019-12-20 08:34:49 parso.python.diff 228 DEBUG -> code[replace] old[1:1] new[1:1]
2019-12-20 08:34:49 parso.python.diff 341 DEBUG parse_part from 1 to 1 (to 0 in part parser)
2019-12-20 08:34:49 parso.python.diff 264 DEBUG diff parser end
2019-12-20 08:34:52 parso.python.diff 213 DEBUG diff parser start
2019-12-20 08:34:52 parso.python.diff 224 DEBUG line_lengths old: 1; new: 1
2019-12-20 08:34:52 parso.python.diff 228 DEBUG -> code[replace] old[1:1] new[1:1]
2019-12-20 08:34:52 parso.python.diff 341 DEBUG parse_part from 1 to 1 (to 0 in part parser)
2019-12-20 08:34:52 parso.python.diff 264 DEBUG diff parser end
2019-12-23 10:47:02 django.template 878 DEBUG Exception while resolving variable 'name' in template 'unknown'.
Traceback (most recent call last):
  File "/home/vagrant/project/env/lib/python3.6/site-packages/django/core/handlers/exception.py", line 35, in inner
    response = get_response(request)
  File "/home/vagrant/project/env/lib/python3.6/site-packages/django/core/handlers/base.py", line 113, in _get_response
    resolver_match = resolver.resolve(request.path_info)
  File "/home/vagrant/project/env/lib/python3.6/site-packages/django/urls/resolvers.py", line 523, in resolve
    raise Resolver404({'tried': tried, 'path': new_path})
django.urls.exceptions.Resolver404: {'tried': [[<URLResolver <URLPattern list> (admin:admin) 'admin/'>], [<URLResolver <module 'idcs.urls' from '/home/vagrant/project/ops/apps/idcs/urls.py'> (None:None) 'idcs/'>]], 'path': ''}

During handling of the above exception, another exception occurred:

Traceback (most recent call last):
  File "/home/vagrant/project/env/lib/python3.6/site-packages/django/template/base.py", line 835, in _resolve_lookup
    current = current[bit]
TypeError: 'URLResolver' object is not subscriptable

During handling of the above exception, another exception occurred:

Traceback (most recent call last):
  File "/home/vagrant/project/env/lib/python3.6/site-packages/django/template/base.py", line 843, in _resolve_lookup
    current = getattr(current, bit)
AttributeError: 'URLResolver' object has no attribute 'name'

During handling of the above exception, another exception occurred:

Traceback (most recent call last):
  File "/home/vagrant/project/env/lib/python3.6/site-packages/django/template/base.py", line 849, in _resolve_lookup
    current = current[int(bit)]
ValueError: invalid literal for int() with base 10: 'name'

During handling of the above exception, another exception occurred:

Traceback (most recent call last):
  File "/home/vagrant/project/env/lib/python3.6/site-packages/django/template/base.py", line 856, in _resolve_lookup
    (bit, current))  # missing attribute
django.template.base.VariableDoesNotExist: Failed lookup for key [name] in <URLResolver <URLPattern list> (admin:admin) 'admin/'>
2019-12-23 10:47:02 django.template 878 DEBUG Exception while resolving variable 'name' in template 'unknown'.
Traceback (most recent call last):
  File "/home/vagrant/project/env/lib/python3.6/site-packages/django/core/handlers/exception.py", line 35, in inner
    response = get_response(request)
  File "/home/vagrant/project/env/lib/python3.6/site-packages/django/core/handlers/base.py", line 113, in _get_response
    resolver_match = resolver.resolve(request.path_info)
  File "/home/vagrant/project/env/lib/python3.6/site-packages/django/urls/resolvers.py", line 523, in resolve
    raise Resolver404({'tried': tried, 'path': new_path})
django.urls.exceptions.Resolver404: {'tried': [[<URLResolver <URLPattern list> (admin:admin) 'admin/'>], [<URLResolver <module 'idcs.urls' from '/home/vagrant/project/ops/apps/idcs/urls.py'> (None:None) 'idcs/'>]], 'path': ''}

During handling of the above exception, another exception occurred:

Traceback (most recent call last):
  File "/home/vagrant/project/env/lib/python3.6/site-packages/django/template/base.py", line 835, in _resolve_lookup
    current = current[bit]
TypeError: 'URLResolver' object is not subscriptable

During handling of the above exception, another exception occurred:

Traceback (most recent call last):
  File "/home/vagrant/project/env/lib/python3.6/site-packages/django/template/base.py", line 843, in _resolve_lookup
    current = getattr(current, bit)
AttributeError: 'URLResolver' object has no attribute 'name'

During handling of the above exception, another exception occurred:

Traceback (most recent call last):
  File "/home/vagrant/project/env/lib/python3.6/site-packages/django/template/base.py", line 849, in _resolve_lookup
    current = current[int(bit)]
ValueError: invalid literal for int() with base 10: 'name'

During handling of the above exception, another exception occurred:

Traceback (most recent call last):
  File "/home/vagrant/project/env/lib/python3.6/site-packages/django/template/base.py", line 856, in _resolve_lookup
    (bit, current))  # missing attribute
django.template.base.VariableDoesNotExist: Failed lookup for key [name] in <URLResolver <module 'idcs.urls' from '/home/vagrant/project/ops/apps/idcs/urls.py'> (None:None) 'idcs/'>
2019-12-23 10:47:03 django.template 878 DEBUG Exception while resolving variable 'name' in template 'unknown'.
Traceback (most recent call last):
  File "/home/vagrant/project/env/lib/python3.6/site-packages/django/core/handlers/exception.py", line 35, in inner
    response = get_response(request)
  File "/home/vagrant/project/env/lib/python3.6/site-packages/django/core/handlers/base.py", line 113, in _get_response
    resolver_match = resolver.resolve(request.path_info)
  File "/home/vagrant/project/env/lib/python3.6/site-packages/django/urls/resolvers.py", line 523, in resolve
    raise Resolver404({'tried': tried, 'path': new_path})
django.urls.exceptions.Resolver404: {'tried': [[<URLResolver <URLPattern list> (admin:admin) 'admin/'>], [<URLResolver <module 'idcs.urls' from '/home/vagrant/project/ops/apps/idcs/urls.py'> (None:None) 'idcs/'>]], 'path': 'favicon.ico'}

During handling of the above exception, another exception occurred:

Traceback (most recent call last):
  File "/home/vagrant/project/env/lib/python3.6/site-packages/django/template/base.py", line 835, in _resolve_lookup
    current = current[bit]
TypeError: 'URLResolver' object is not subscriptable

During handling of the above exception, another exception occurred:

Traceback (most recent call last):
  File "/home/vagrant/project/env/lib/python3.6/site-packages/django/template/base.py", line 843, in _resolve_lookup
    current = getattr(current, bit)
AttributeError: 'URLResolver' object has no attribute 'name'

During handling of the above exception, another exception occurred:

Traceback (most recent call last):
  File "/home/vagrant/project/env/lib/python3.6/site-packages/django/template/base.py", line 849, in _resolve_lookup
    current = current[int(bit)]
ValueError: invalid literal for int() with base 10: 'name'

During handling of the above exception, another exception occurred:

Traceback (most recent call last):
  File "/home/vagrant/project/env/lib/python3.6/site-packages/django/template/base.py", line 856, in _resolve_lookup
    (bit, current))  # missing attribute
django.template.base.VariableDoesNotExist: Failed lookup for key [name] in <URLResolver <URLPattern list> (admin:admin) 'admin/'>
2019-12-23 10:47:03 django.template 878 DEBUG Exception while resolving variable 'name' in template 'unknown'.
Traceback (most recent call last):
  File "/home/vagrant/project/env/lib/python3.6/site-packages/django/core/handlers/exception.py", line 35, in inner
    response = get_response(request)
  File "/home/vagrant/project/env/lib/python3.6/site-packages/django/core/handlers/base.py", line 113, in _get_response
    resolver_match = resolver.resolve(request.path_info)
  File "/home/vagrant/project/env/lib/python3.6/site-packages/django/urls/resolvers.py", line 523, in resolve
    raise Resolver404({'tried': tried, 'path': new_path})
django.urls.exceptions.Resolver404: {'tried': [[<URLResolver <URLPattern list> (admin:admin) 'admin/'>], [<URLResolver <module 'idcs.urls' from '/home/vagrant/project/ops/apps/idcs/urls.py'> (None:None) 'idcs/'>]], 'path': 'favicon.ico'}

During handling of the above exception, another exception occurred:

Traceback (most recent call last):
  File "/home/vagrant/project/env/lib/python3.6/site-packages/django/template/base.py", line 835, in _resolve_lookup
    current = current[bit]
TypeError: 'URLResolver' object is not subscriptable

During handling of the above exception, another exception occurred:

Traceback (most recent call last):
  File "/home/vagrant/project/env/lib/python3.6/site-packages/django/template/base.py", line 843, in _resolve_lookup
    current = getattr(current, bit)
AttributeError: 'URLResolver' object has no attribute 'name'

During handling of the above exception, another exception occurred:

Traceback (most recent call last):
  File "/home/vagrant/project/env/lib/python3.6/site-packages/django/template/base.py", line 849, in _resolve_lookup
    current = current[int(bit)]
ValueError: invalid literal for int() with base 10: 'name'

During handling of the above exception, another exception occurred:

Traceback (most recent call last):
  File "/home/vagrant/project/env/lib/python3.6/site-packages/django/template/base.py", line 856, in _resolve_lookup
    (bit, current))  # missing attribute
django.template.base.VariableDoesNotExist: Failed lookup for key [name] in <URLResolver <module 'idcs.urls' from '/home/vagrant/project/ops/apps/idcs/urls.py'> (None:None) 'idcs/'>
2019-12-23 12:32:51 parso.python.diff 213 DEBUG diff parser start
2019-12-23 12:32:51 parso.python.diff 224 DEBUG line_lengths old: 1; new: 1
2019-12-23 12:32:51 parso.python.diff 228 DEBUG -> code[replace] old[1:1] new[1:1]
2019-12-23 12:32:51 parso.python.diff 341 DEBUG parse_part from 1 to 1 (to 0 in part parser)
2019-12-23 12:32:51 parso.python.diff 264 DEBUG diff parser end
2019-12-23 12:32:55 parso.python.diff 213 DEBUG diff parser start
2019-12-23 12:32:55 parso.python.diff 224 DEBUG line_lengths old: 1; new: 1
2019-12-23 12:32:55 parso.python.diff 228 DEBUG -> code[replace] old[1:1] new[1:1]
2019-12-23 12:32:55 parso.python.diff 341 DEBUG parse_part from 1 to 1 (to 0 in part parser)
2019-12-23 12:32:55 parso.python.diff 264 DEBUG diff parser end
2019-12-23 12:32:56 parso.cache 126 DEBUG pickle loaded: /home/vagrant/project/env/lib/python3.6/site-packages/jedi/third_party/typeshed/stdlib/2and3/builtins.pyi
2019-12-23 12:32:57 parso.python.diff 213 DEBUG diff parser start
2019-12-23 12:32:57 parso.python.diff 224 DEBUG line_lengths old: 1; new: 1
2019-12-23 12:32:57 parso.python.diff 228 DEBUG -> code[replace] old[1:1] new[1:1]
2019-12-23 12:32:57 parso.python.diff 341 DEBUG parse_part from 1 to 1 (to 0 in part parser)
2019-12-23 12:32:57 parso.python.diff 264 DEBUG diff parser end
2019-12-23 12:33:00 parso.python.diff 213 DEBUG diff parser start
2019-12-23 12:33:00 parso.python.diff 224 DEBUG line_lengths old: 1; new: 1
2019-12-23 12:33:00 parso.python.diff 228 DEBUG -> code[replace] old[1:1] new[1:1]
2019-12-23 12:33:00 parso.python.diff 341 DEBUG parse_part from 1 to 1 (to 0 in part parser)
2019-12-23 12:33:00 parso.python.diff 264 DEBUG diff parser end
2019-12-23 12:33:00 parso.cache 126 DEBUG pickle loaded: /home/vagrant/project/env/lib/python3.6/site-packages/jedi/third_party/typeshed/stdlib/3/sys.pyi
2019-12-23 12:33:00 parso.python.diff 213 DEBUG diff parser start
2019-12-23 12:33:00 parso.python.diff 224 DEBUG line_lengths old: 1; new: 1
2019-12-23 12:33:00 parso.python.diff 228 DEBUG -> code[replace] old[1:1] new[1:1]
2019-12-23 12:33:00 parso.python.diff 341 DEBUG parse_part from 1 to 1 (to 0 in part parser)
2019-12-23 12:33:00 parso.python.diff 264 DEBUG diff parser end
2019-12-23 12:33:00 parso.cache 126 DEBUG pickle loaded: /home/vagrant/project/env/lib/python3.6/site-packages/jedi/api/interpreter.py
2019-12-23 12:33:00 parso.cache 126 DEBUG pickle loaded: /home/vagrant/project/env/lib/python3.6/site-packages/IPython/core/autocall.py
2019-12-23 12:33:00 parso.cache 126 DEBUG pickle loaded: /home/vagrant/project/env/lib/python3.6/site-packages/IPython/core/interactiveshell.py
2019-12-23 12:33:00 parso.cache 126 DEBUG pickle loaded: /usr/local/python36/lib/python3.6/typing.py
2019-12-23 12:33:00 parso.cache 126 DEBUG pickle loaded: /home/vagrant/project/env/lib/python3.6/site-packages/jedi/third_party/typeshed/stdlib/3/typing.pyi
2019-12-23 12:33:04 parso.python.diff 213 DEBUG diff parser start
2019-12-23 12:33:04 parso.python.diff 224 DEBUG line_lengths old: 1; new: 1
2019-12-23 12:33:04 parso.python.diff 228 DEBUG -> code[replace] old[1:1] new[1:1]
2019-12-23 12:33:04 parso.python.diff 341 DEBUG parse_part from 1 to 1 (to 0 in part parser)
2019-12-23 12:33:04 parso.python.diff 264 DEBUG diff parser end
2019-12-23 12:33:17 parso.python.diff 213 DEBUG diff parser start
2019-12-23 12:33:17 parso.python.diff 224 DEBUG line_lengths old: 1; new: 1
2019-12-23 12:33:17 parso.python.diff 228 DEBUG -> code[replace] old[1:1] new[1:1]
2019-12-23 12:33:17 parso.python.diff 341 DEBUG parse_part from 1 to 1 (to 0 in part parser)
2019-12-23 12:33:17 parso.python.diff 264 DEBUG diff parser end
2019-12-23 12:33:53 parso.python.diff 213 DEBUG diff parser start
2019-12-23 12:33:53 parso.python.diff 224 DEBUG line_lengths old: 1; new: 1
2019-12-23 12:33:53 parso.python.diff 228 DEBUG -> code[replace] old[1:1] new[1:1]
2019-12-23 12:33:53 parso.python.diff 341 DEBUG parse_part from 1 to 1 (to 0 in part parser)
2019-12-23 12:33:53 parso.python.diff 264 DEBUG diff parser end
2019-12-23 12:35:33 parso.python.diff 213 DEBUG diff parser start
2019-12-23 12:35:33 parso.python.diff 224 DEBUG line_lengths old: 1; new: 1
2019-12-23 12:35:33 parso.python.diff 228 DEBUG -> code[replace] old[1:1] new[1:1]
2019-12-23 12:35:33 parso.python.diff 341 DEBUG parse_part from 1 to 1 (to 0 in part parser)
2019-12-23 12:35:33 parso.python.diff 264 DEBUG diff parser end
2019-12-23 12:35:33 parso.cache 126 DEBUG pickle loaded: /home/vagrant/project/env/lib/python3.6/site-packages/django/db/models/manager.py
2019-12-23 13:06:25 parso.python.diff 213 DEBUG diff parser start
2019-12-23 13:06:25 parso.python.diff 224 DEBUG line_lengths old: 1; new: 1
2019-12-23 13:06:25 parso.python.diff 228 DEBUG -> code[replace] old[1:1] new[1:1]
2019-12-23 13:06:25 parso.python.diff 341 DEBUG parse_part from 1 to 1 (to 0 in part parser)
2019-12-23 13:06:25 parso.python.diff 264 DEBUG diff parser end
2019-12-23 13:06:39 parso.python.diff 213 DEBUG diff parser start
2019-12-23 13:06:39 parso.python.diff 224 DEBUG line_lengths old: 1; new: 1
2019-12-23 13:06:39 parso.python.diff 228 DEBUG -> code[replace] old[1:1] new[1:1]
2019-12-23 13:06:39 parso.python.diff 341 DEBUG parse_part from 1 to 1 (to 0 in part parser)
2019-12-23 13:06:39 parso.python.diff 264 DEBUG diff parser end
2019-12-23 13:06:47 parso.python.diff 213 DEBUG diff parser start
2019-12-23 13:06:47 parso.python.diff 224 DEBUG line_lengths old: 1; new: 1
2019-12-23 13:06:47 parso.python.diff 228 DEBUG -> code[replace] old[1:1] new[1:1]
2019-12-23 13:06:47 parso.python.diff 341 DEBUG parse_part from 1 to 1 (to 0 in part parser)
2019-12-23 13:06:47 parso.python.diff 264 DEBUG diff parser end
2019-12-23 13:06:48 parso.python.diff 213 DEBUG diff parser start
2019-12-23 13:06:48 parso.python.diff 224 DEBUG line_lengths old: 1; new: 1
2019-12-23 13:06:48 parso.python.diff 228 DEBUG -> code[replace] old[1:1] new[1:1]
2019-12-23 13:06:48 parso.python.diff 341 DEBUG parse_part from 1 to 1 (to 0 in part parser)
2019-12-23 13:06:48 parso.python.diff 264 DEBUG diff parser end
2019-12-23 13:06:50 parso.python.diff 213 DEBUG diff parser start
2019-12-23 13:06:50 parso.python.diff 224 DEBUG line_lengths old: 1; new: 1
2019-12-23 13:06:50 parso.python.diff 228 DEBUG -> code[replace] old[1:1] new[1:1]
2019-12-23 13:06:50 parso.python.diff 341 DEBUG parse_part from 1 to 1 (to 0 in part parser)
2019-12-23 13:06:50 parso.python.diff 264 DEBUG diff parser end
2019-12-23 13:06:55 parso.python.diff 213 DEBUG diff parser start
2019-12-23 13:06:55 parso.python.diff 224 DEBUG line_lengths old: 1; new: 1
2019-12-23 13:06:55 parso.python.diff 228 DEBUG -> code[replace] old[1:1] new[1:1]
2019-12-23 13:06:55 parso.python.diff 341 DEBUG parse_part from 1 to 1 (to 0 in part parser)
2019-12-23 13:06:55 parso.python.diff 264 DEBUG diff parser end
2019-12-23 13:07:00 parso.python.diff 213 DEBUG diff parser start
2019-12-23 13:07:00 parso.python.diff 224 DEBUG line_lengths old: 1; new: 1
2019-12-23 13:07:00 parso.python.diff 228 DEBUG -> code[replace] old[1:1] new[1:1]
2019-12-23 13:07:00 parso.python.diff 341 DEBUG parse_part from 1 to 1 (to 0 in part parser)
2019-12-23 13:07:00 parso.python.diff 264 DEBUG diff parser end
2019-12-23 13:07:02 parso.python.diff 213 DEBUG diff parser start
2019-12-23 13:07:02 parso.python.diff 224 DEBUG line_lengths old: 1; new: 1
2019-12-23 13:07:02 parso.python.diff 228 DEBUG -> code[replace] old[1:1] new[1:1]
2019-12-23 13:07:02 parso.python.diff 341 DEBUG parse_part from 1 to 1 (to 0 in part parser)
2019-12-23 13:07:02 parso.python.diff 264 DEBUG diff parser end
2019-12-23 13:07:03 parso.python.diff 213 DEBUG diff parser start
2019-12-23 13:07:03 parso.python.diff 224 DEBUG line_lengths old: 1; new: 1
2019-12-23 13:07:03 parso.python.diff 228 DEBUG -> code[replace] old[1:1] new[1:1]
2019-12-23 13:07:03 parso.python.diff 341 DEBUG parse_part from 1 to 1 (to 0 in part parser)
2019-12-23 13:07:03 parso.python.diff 264 DEBUG diff parser end
2019-12-23 13:07:08 parso.python.diff 213 DEBUG diff parser start
2019-12-23 13:07:08 parso.python.diff 224 DEBUG line_lengths old: 1; new: 1
2019-12-23 13:07:08 parso.python.diff 228 DEBUG -> code[replace] old[1:1] new[1:1]
2019-12-23 13:07:08 parso.python.diff 341 DEBUG parse_part from 1 to 1 (to 0 in part parser)
2019-12-23 13:07:08 parso.python.diff 264 DEBUG diff parser end
2019-12-23 13:07:11 parso.python.diff 213 DEBUG diff parser start
2019-12-23 13:07:11 parso.python.diff 224 DEBUG line_lengths old: 1; new: 1
2019-12-23 13:07:11 parso.python.diff 228 DEBUG -> code[replace] old[1:1] new[1:1]
2019-12-23 13:07:11 parso.python.diff 341 DEBUG parse_part from 1 to 1 (to 0 in part parser)
2019-12-23 13:07:11 parso.python.diff 264 DEBUG diff parser end
2019-12-23 13:07:16 parso.python.diff 213 DEBUG diff parser start
2019-12-23 13:07:16 parso.python.diff 224 DEBUG line_lengths old: 1; new: 1
2019-12-23 13:07:16 parso.python.diff 228 DEBUG -> code[replace] old[1:1] new[1:1]
2019-12-23 13:07:16 parso.python.diff 341 DEBUG parse_part from 1 to 1 (to 0 in part parser)
2019-12-23 13:07:16 parso.python.diff 264 DEBUG diff parser end
2019-12-23 13:07:23 parso.python.diff 213 DEBUG diff parser start
2019-12-23 13:07:23 parso.python.diff 224 DEBUG line_lengths old: 1; new: 1
2019-12-23 13:07:23 parso.python.diff 228 DEBUG -> code[replace] old[1:1] new[1:1]
2019-12-23 13:07:23 parso.python.diff 341 DEBUG parse_part from 1 to 1 (to 0 in part parser)
2019-12-23 13:07:23 parso.python.diff 264 DEBUG diff parser end
2019-12-23 13:07:32 parso.python.diff 213 DEBUG diff parser start
2019-12-23 13:07:32 parso.python.diff 224 DEBUG line_lengths old: 1; new: 1
2019-12-23 13:07:32 parso.python.diff 228 DEBUG -> code[replace] old[1:1] new[1:1]
2019-12-23 13:07:32 parso.python.diff 341 DEBUG parse_part from 1 to 1 (to 0 in part parser)
2019-12-23 13:07:32 parso.python.diff 264 DEBUG diff parser end
2019-12-23 13:07:35 parso.python.diff 213 DEBUG diff parser start
2019-12-23 13:07:35 parso.python.diff 224 DEBUG line_lengths old: 1; new: 1
2019-12-23 13:07:35 parso.python.diff 228 DEBUG -> code[replace] old[1:1] new[1:1]
2019-12-23 13:07:35 parso.python.diff 341 DEBUG parse_part from 1 to 1 (to 0 in part parser)
2019-12-23 13:07:35 parso.python.diff 264 DEBUG diff parser end
2019-12-23 13:07:48 parso.python.diff 213 DEBUG diff parser start
2019-12-23 13:07:48 parso.python.diff 224 DEBUG line_lengths old: 1; new: 1
2019-12-23 13:07:48 parso.python.diff 228 DEBUG -> code[replace] old[1:1] new[1:1]
2019-12-23 13:07:48 parso.python.diff 341 DEBUG parse_part from 1 to 1 (to 0 in part parser)
2019-12-23 13:07:48 parso.python.diff 264 DEBUG diff parser end
2019-12-23 13:07:53 parso.python.diff 213 DEBUG diff parser start
2019-12-23 13:07:53 parso.python.diff 224 DEBUG line_lengths old: 1; new: 1
2019-12-23 13:07:53 parso.python.diff 228 DEBUG -> code[replace] old[1:1] new[1:1]
2019-12-23 13:07:53 parso.python.diff 341 DEBUG parse_part from 1 to 1 (to 0 in part parser)
2019-12-23 13:07:53 parso.python.diff 264 DEBUG diff parser end
2019-12-23 13:07:55 parso.python.diff 213 DEBUG diff parser start
2019-12-23 13:07:55 parso.python.diff 224 DEBUG line_lengths old: 1; new: 1
2019-12-23 13:07:55 parso.python.diff 228 DEBUG -> code[replace] old[1:1] new[1:1]
2019-12-23 13:07:55 parso.python.diff 341 DEBUG parse_part from 1 to 1 (to 0 in part parser)
2019-12-23 13:07:55 parso.python.diff 264 DEBUG diff parser end
2019-12-23 13:07:57 parso.python.diff 213 DEBUG diff parser start
2019-12-23 13:07:57 parso.python.diff 224 DEBUG line_lengths old: 1; new: 1
2019-12-23 13:07:57 parso.python.diff 228 DEBUG -> code[replace] old[1:1] new[1:1]
2019-12-23 13:07:57 parso.python.diff 341 DEBUG parse_part from 1 to 1 (to 0 in part parser)
2019-12-23 13:07:57 parso.python.diff 264 DEBUG diff parser end
2019-12-23 13:08:08 parso.python.diff 213 DEBUG diff parser start
2019-12-23 13:08:08 parso.python.diff 224 DEBUG line_lengths old: 1; new: 1
2019-12-23 13:08:08 parso.python.diff 228 DEBUG -> code[replace] old[1:1] new[1:1]
2019-12-23 13:08:08 parso.python.diff 341 DEBUG parse_part from 1 to 1 (to 0 in part parser)
2019-12-23 13:08:08 parso.python.diff 264 DEBUG diff parser end
2019-12-23 13:08:10 parso.python.diff 213 DEBUG diff parser start
2019-12-23 13:08:10 parso.python.diff 224 DEBUG line_lengths old: 1; new: 1
2019-12-23 13:08:10 parso.python.diff 228 DEBUG -> code[replace] old[1:1] new[1:1]
2019-12-23 13:08:10 parso.python.diff 341 DEBUG parse_part from 1 to 1 (to 0 in part parser)
2019-12-23 13:08:10 parso.python.diff 264 DEBUG diff parser end
2019-12-23 13:08:16 parso.python.diff 213 DEBUG diff parser start
2019-12-23 13:08:16 parso.python.diff 224 DEBUG line_lengths old: 1; new: 1
2019-12-23 13:08:16 parso.python.diff 228 DEBUG -> code[replace] old[1:1] new[1:1]
2019-12-23 13:08:16 parso.python.diff 341 DEBUG parse_part from 1 to 1 (to 0 in part parser)
2019-12-23 13:08:16 parso.python.diff 264 DEBUG diff parser end
2019-12-23 13:08:19 parso.python.diff 213 DEBUG diff parser start
2019-12-23 13:08:19 parso.python.diff 224 DEBUG line_lengths old: 1; new: 1
2019-12-23 13:08:19 parso.python.diff 228 DEBUG -> code[replace] old[1:1] new[1:1]
2019-12-23 13:08:19 parso.python.diff 341 DEBUG parse_part from 1 to 1 (to 0 in part parser)
2019-12-23 13:08:19 parso.python.diff 264 DEBUG diff parser end
2019-12-23 13:08:19 parso.python.diff 213 DEBUG diff parser start
2019-12-23 13:08:19 parso.python.diff 224 DEBUG line_lengths old: 1; new: 1
2019-12-23 13:08:19 parso.python.diff 228 DEBUG -> code[replace] old[1:1] new[1:1]
2019-12-23 13:08:19 parso.python.diff 341 DEBUG parse_part from 1 to 1 (to 0 in part parser)
2019-12-23 13:08:19 parso.python.diff 264 DEBUG diff parser end
2019-12-23 13:08:20 parso.cache 126 DEBUG pickle loaded: /home/vagrant/project/env/lib/python3.6/site-packages/django/db/models/query.py
2019-12-23 13:08:20 parso.python.diff 213 DEBUG diff parser start
2019-12-23 13:08:20 parso.python.diff 224 DEBUG line_lengths old: 1; new: 1
2019-12-23 13:08:20 parso.python.diff 228 DEBUG -> code[replace] old[1:1] new[1:1]
2019-12-23 13:08:20 parso.python.diff 341 DEBUG parse_part from 1 to 1 (to 0 in part parser)
2019-12-23 13:08:20 parso.python.diff 264 DEBUG diff parser end
2019-12-23 13:08:24 parso.python.diff 213 DEBUG diff parser start
2019-12-23 13:08:24 parso.python.diff 224 DEBUG line_lengths old: 1; new: 1
2019-12-23 13:08:24 parso.python.diff 228 DEBUG -> code[replace] old[1:1] new[1:1]
2019-12-23 13:08:24 parso.python.diff 341 DEBUG parse_part from 1 to 1 (to 0 in part parser)
2019-12-23 13:08:24 parso.python.diff 264 DEBUG diff parser end
2019-12-23 13:08:33 parso.python.diff 213 DEBUG diff parser start
2019-12-23 13:08:33 parso.python.diff 224 DEBUG line_lengths old: 1; new: 1
2019-12-23 13:08:33 parso.python.diff 228 DEBUG -> code[replace] old[1:1] new[1:1]
2019-12-23 13:08:33 parso.python.diff 341 DEBUG parse_part from 1 to 1 (to 0 in part parser)
2019-12-23 13:08:33 parso.python.diff 264 DEBUG diff parser end
2019-12-23 13:08:36 parso.python.diff 213 DEBUG diff parser start
2019-12-23 13:08:36 parso.python.diff 224 DEBUG line_lengths old: 1; new: 1
2019-12-23 13:08:36 parso.python.diff 228 DEBUG -> code[replace] old[1:1] new[1:1]
2019-12-23 13:08:36 parso.python.diff 341 DEBUG parse_part from 1 to 1 (to 0 in part parser)
2019-12-23 13:08:36 parso.python.diff 264 DEBUG diff parser end
2019-12-23 13:08:47 parso.python.diff 213 DEBUG diff parser start
2019-12-23 13:08:47 parso.python.diff 224 DEBUG line_lengths old: 1; new: 1
2019-12-23 13:08:47 parso.python.diff 228 DEBUG -> code[replace] old[1:1] new[1:1]
2019-12-23 13:08:47 parso.python.diff 341 DEBUG parse_part from 1 to 1 (to 0 in part parser)
2019-12-23 13:08:47 parso.python.diff 264 DEBUG diff parser end
2019-12-23 13:42:15 parso.python.diff 213 DEBUG diff parser start
2019-12-23 13:42:15 parso.python.diff 224 DEBUG line_lengths old: 1; new: 1
2019-12-23 13:42:15 parso.python.diff 228 DEBUG -> code[replace] old[1:1] new[1:1]
2019-12-23 13:42:15 parso.python.diff 341 DEBUG parse_part from 1 to 1 (to 0 in part parser)
2019-12-23 13:42:15 parso.python.diff 264 DEBUG diff parser end
2019-12-23 13:42:16 parso.python.diff 213 DEBUG diff parser start
2019-12-23 13:42:16 parso.python.diff 224 DEBUG line_lengths old: 1; new: 1
2019-12-23 13:42:16 parso.python.diff 228 DEBUG -> code[replace] old[1:1] new[1:1]
2019-12-23 13:42:16 parso.python.diff 341 DEBUG parse_part from 1 to 1 (to 0 in part parser)
2019-12-23 13:42:16 parso.python.diff 264 DEBUG diff parser end
2019-12-23 13:42:16 parso.python.diff 213 DEBUG diff parser start
2019-12-23 13:42:16 parso.python.diff 224 DEBUG line_lengths old: 1; new: 1
2019-12-23 13:42:16 parso.python.diff 228 DEBUG -> code[replace] old[1:1] new[1:1]
2019-12-23 13:42:16 parso.python.diff 341 DEBUG parse_part from 1 to 1 (to 0 in part parser)
2019-12-23 13:42:16 parso.python.diff 264 DEBUG diff parser end
2019-12-23 13:42:16 parso.python.diff 213 DEBUG diff parser start
2019-12-23 13:42:16 parso.python.diff 224 DEBUG line_lengths old: 19; new: 26
2019-12-23 13:42:16 parso.python.diff 228 DEBUG -> code[equal] old[1:8] new[1:8]
2019-12-23 13:42:16 parso.python.diff 299 DEBUG copy old[7:7] new[1:7]
2019-12-23 13:42:16 parso.python.diff 341 DEBUG parse_part from 8 to 9 (to 9 in part parser)
2019-12-23 13:42:16 parso.python.diff 228 DEBUG -> code[insert] old[9:8] new[9:10]
2019-12-23 13:42:16 parso.python.diff 341 DEBUG parse_part from 10 to 15 (to 15 in part parser)
2019-12-23 13:42:16 parso.python.diff 228 DEBUG -> code[equal] old[9:13] new[11:15]
2019-12-23 13:42:16 parso.python.diff 228 DEBUG -> code[replace] old[14:19] new[16:26]
2019-12-23 13:42:16 parso.python.diff 341 DEBUG parse_part from 16 to 21 (to 22 in part parser)
2019-12-23 13:42:16 parso.python.diff 341 DEBUG parse_part from 22 to 26 (to 25 in part parser)
2019-12-23 13:42:16 parso.python.diff 264 DEBUG diff parser end
2019-12-23 13:42:17 parso.python.diff 213 DEBUG diff parser start
2019-12-23 13:42:17 parso.python.diff 224 DEBUG line_lengths old: 1; new: 1
2019-12-23 13:42:17 parso.python.diff 228 DEBUG -> code[replace] old[1:1] new[1:1]
2019-12-23 13:42:17 parso.python.diff 341 DEBUG parse_part from 1 to 1 (to 0 in part parser)
2019-12-23 13:42:17 parso.python.diff 264 DEBUG diff parser end
2019-12-23 13:42:19 parso.python.diff 213 DEBUG diff parser start
2019-12-23 13:42:19 parso.python.diff 224 DEBUG line_lengths old: 1; new: 1
2019-12-23 13:42:19 parso.python.diff 228 DEBUG -> code[replace] old[1:1] new[1:1]
2019-12-23 13:42:19 parso.python.diff 341 DEBUG parse_part from 1 to 1 (to 0 in part parser)
2019-12-23 13:42:19 parso.python.diff 264 DEBUG diff parser end
2019-12-23 13:42:21 parso.python.diff 213 DEBUG diff parser start
2019-12-23 13:42:21 parso.python.diff 224 DEBUG line_lengths old: 1; new: 1
2019-12-23 13:42:21 parso.python.diff 228 DEBUG -> code[replace] old[1:1] new[1:1]
2019-12-23 13:42:21 parso.python.diff 341 DEBUG parse_part from 1 to 1 (to 0 in part parser)
2019-12-23 13:42:21 parso.python.diff 264 DEBUG diff parser end
2019-12-23 13:43:17 parso.python.diff 213 DEBUG diff parser start
2019-12-23 13:43:17 parso.python.diff 224 DEBUG line_lengths old: 1; new: 1
2019-12-23 13:43:17 parso.python.diff 228 DEBUG -> code[replace] old[1:1] new[1:1]
2019-12-23 13:43:17 parso.python.diff 341 DEBUG parse_part from 1 to 1 (to 0 in part parser)
2019-12-23 13:43:17 parso.python.diff 264 DEBUG diff parser end
2019-12-23 13:43:22 parso.python.diff 213 DEBUG diff parser start
2019-12-23 13:43:22 parso.python.diff 224 DEBUG line_lengths old: 1; new: 1
2019-12-23 13:43:22 parso.python.diff 228 DEBUG -> code[replace] old[1:1] new[1:1]
2019-12-23 13:43:22 parso.python.diff 341 DEBUG parse_part from 1 to 1 (to 0 in part parser)
2019-12-23 13:43:22 parso.python.diff 264 DEBUG diff parser end
2019-12-23 13:43:23 parso.python.diff 213 DEBUG diff parser start
2019-12-23 13:43:23 parso.python.diff 224 DEBUG line_lengths old: 1; new: 1
2019-12-23 13:43:23 parso.python.diff 228 DEBUG -> code[replace] old[1:1] new[1:1]
2019-12-23 13:43:23 parso.python.diff 341 DEBUG parse_part from 1 to 1 (to 0 in part parser)
2019-12-23 13:43:23 parso.python.diff 264 DEBUG diff parser end
2019-12-23 13:43:26 parso.python.diff 213 DEBUG diff parser start
2019-12-23 13:43:26 parso.python.diff 224 DEBUG line_lengths old: 1; new: 1
2019-12-23 13:43:26 parso.python.diff 228 DEBUG -> code[replace] old[1:1] new[1:1]
2019-12-23 13:43:26 parso.python.diff 341 DEBUG parse_part from 1 to 1 (to 0 in part parser)
2019-12-23 13:43:26 parso.python.diff 264 DEBUG diff parser end
2019-12-23 13:43:29 parso.python.diff 213 DEBUG diff parser start
2019-12-23 13:43:29 parso.python.diff 224 DEBUG line_lengths old: 1; new: 1
2019-12-23 13:43:29 parso.python.diff 228 DEBUG -> code[replace] old[1:1] new[1:1]
2019-12-23 13:43:29 parso.python.diff 341 DEBUG parse_part from 1 to 1 (to 0 in part parser)
2019-12-23 13:43:29 parso.python.diff 264 DEBUG diff parser end
2019-12-23 13:43:34 parso.python.diff 213 DEBUG diff parser start
2019-12-23 13:43:34 parso.python.diff 224 DEBUG line_lengths old: 1; new: 1
2019-12-23 13:43:34 parso.python.diff 228 DEBUG -> code[replace] old[1:1] new[1:1]
2019-12-23 13:43:34 parso.python.diff 341 DEBUG parse_part from 1 to 1 (to 0 in part parser)
2019-12-23 13:43:34 parso.python.diff 264 DEBUG diff parser end
2019-12-23 13:43:35 parso.python.diff 213 DEBUG diff parser start
2019-12-23 13:43:35 parso.python.diff 224 DEBUG line_lengths old: 1; new: 1
2019-12-23 13:43:35 parso.python.diff 228 DEBUG -> code[replace] old[1:1] new[1:1]
2019-12-23 13:43:35 parso.python.diff 341 DEBUG parse_part from 1 to 1 (to 0 in part parser)
2019-12-23 13:43:35 parso.python.diff 264 DEBUG diff parser end
2019-12-23 13:43:40 parso.python.diff 213 DEBUG diff parser start
2019-12-23 13:43:40 parso.python.diff 224 DEBUG line_lengths old: 1; new: 1
2019-12-23 13:43:40 parso.python.diff 228 DEBUG -> code[replace] old[1:1] new[1:1]
2019-12-23 13:43:40 parso.python.diff 341 DEBUG parse_part from 1 to 1 (to 0 in part parser)
2019-12-23 13:43:40 parso.python.diff 264 DEBUG diff parser end
2019-12-23 13:44:21 parso.python.diff 213 DEBUG diff parser start
2019-12-23 13:44:21 parso.python.diff 224 DEBUG line_lengths old: 1; new: 1
2019-12-23 13:44:21 parso.python.diff 228 DEBUG -> code[replace] old[1:1] new[1:1]
2019-12-23 13:44:21 parso.python.diff 341 DEBUG parse_part from 1 to 1 (to 0 in part parser)
2019-12-23 13:44:21 parso.python.diff 264 DEBUG diff parser end
2019-12-23 13:44:25 parso.python.diff 213 DEBUG diff parser start
2019-12-23 13:44:25 parso.python.diff 224 DEBUG line_lengths old: 1; new: 1
2019-12-23 13:44:25 parso.python.diff 228 DEBUG -> code[replace] old[1:1] new[1:1]
2019-12-23 13:44:25 parso.python.diff 341 DEBUG parse_part from 1 to 1 (to 0 in part parser)
2019-12-23 13:44:25 parso.python.diff 264 DEBUG diff parser end
2019-12-23 13:44:25 parso.cache 126 DEBUG pickle loaded: /home/vagrant/project/env/lib/python3.6/site-packages/django/__init__.py
2019-12-23 13:44:25 parso.cache 126 DEBUG pickle loaded: /home/vagrant/project/env/lib/python3.6/site-packages/django/utils/__init__.py
2019-12-23 13:44:27 parso.python.diff 213 DEBUG diff parser start
2019-12-23 13:44:27 parso.python.diff 224 DEBUG line_lengths old: 1; new: 1
2019-12-23 13:44:27 parso.python.diff 228 DEBUG -> code[replace] old[1:1] new[1:1]
2019-12-23 13:44:27 parso.python.diff 341 DEBUG parse_part from 1 to 1 (to 0 in part parser)
2019-12-23 13:44:27 parso.python.diff 264 DEBUG diff parser end
2019-12-23 13:44:28 parso.python.diff 213 DEBUG diff parser start
2019-12-23 13:44:28 parso.python.diff 224 DEBUG line_lengths old: 1; new: 1
2019-12-23 13:44:28 parso.python.diff 228 DEBUG -> code[replace] old[1:1] new[1:1]
2019-12-23 13:44:28 parso.python.diff 341 DEBUG parse_part from 1 to 1 (to 0 in part parser)
2019-12-23 13:44:28 parso.python.diff 264 DEBUG diff parser end
2019-12-23 13:44:30 parso.python.diff 213 DEBUG diff parser start
2019-12-23 13:44:30 parso.python.diff 224 DEBUG line_lengths old: 1; new: 1
2019-12-23 13:44:30 parso.python.diff 228 DEBUG -> code[replace] old[1:1] new[1:1]
2019-12-23 13:44:30 parso.python.diff 341 DEBUG parse_part from 1 to 1 (to 0 in part parser)
2019-12-23 13:44:30 parso.python.diff 264 DEBUG diff parser end
2019-12-23 13:44:38 parso.python.diff 213 DEBUG diff parser start
2019-12-23 13:44:38 parso.python.diff 224 DEBUG line_lengths old: 1; new: 1
2019-12-23 13:44:38 parso.python.diff 228 DEBUG -> code[replace] old[1:1] new[1:1]
2019-12-23 13:44:38 parso.python.diff 341 DEBUG parse_part from 1 to 1 (to 0 in part parser)
2019-12-23 13:44:38 parso.python.diff 264 DEBUG diff parser end
2019-12-23 13:45:01 parso.python.diff 213 DEBUG diff parser start
2019-12-23 13:45:01 parso.python.diff 224 DEBUG line_lengths old: 1; new: 1
2019-12-23 13:45:01 parso.python.diff 228 DEBUG -> code[replace] old[1:1] new[1:1]
2019-12-23 13:45:01 parso.python.diff 341 DEBUG parse_part from 1 to 1 (to 0 in part parser)
2019-12-23 13:45:01 parso.python.diff 264 DEBUG diff parser end
2019-12-23 13:45:50 parso.python.diff 213 DEBUG diff parser start
2019-12-23 13:45:50 parso.python.diff 224 DEBUG line_lengths old: 1; new: 1
2019-12-23 13:45:50 parso.python.diff 228 DEBUG -> code[replace] old[1:1] new[1:1]
2019-12-23 13:45:50 parso.python.diff 341 DEBUG parse_part from 1 to 1 (to 0 in part parser)
2019-12-23 13:45:50 parso.python.diff 264 DEBUG diff parser end
2019-12-23 13:45:59 parso.python.diff 213 DEBUG diff parser start
2019-12-23 13:45:59 parso.python.diff 224 DEBUG line_lengths old: 1; new: 1
2019-12-23 13:45:59 parso.python.diff 228 DEBUG -> code[replace] old[1:1] new[1:1]
2019-12-23 13:45:59 parso.python.diff 341 DEBUG parse_part from 1 to 1 (to 0 in part parser)
2019-12-23 13:45:59 parso.python.diff 264 DEBUG diff parser end
2019-12-23 13:46:48 parso.python.diff 213 DEBUG diff parser start
2019-12-23 13:46:48 parso.python.diff 224 DEBUG line_lengths old: 1; new: 1
2019-12-23 13:46:48 parso.python.diff 228 DEBUG -> code[replace] old[1:1] new[1:1]
2019-12-23 13:46:48 parso.python.diff 341 DEBUG parse_part from 1 to 1 (to 0 in part parser)
2019-12-23 13:46:48 parso.python.diff 264 DEBUG diff parser end
2019-12-23 13:46:58 parso.python.diff 213 DEBUG diff parser start
2019-12-23 13:46:58 parso.python.diff 224 DEBUG line_lengths old: 1; new: 1
2019-12-23 13:46:58 parso.python.diff 228 DEBUG -> code[replace] old[1:1] new[1:1]
2019-12-23 13:46:58 parso.python.diff 341 DEBUG parse_part from 1 to 1 (to 0 in part parser)
2019-12-23 13:46:58 parso.python.diff 264 DEBUG diff parser end
2019-12-23 13:47:02 parso.python.diff 213 DEBUG diff parser start
2019-12-23 13:47:02 parso.python.diff 224 DEBUG line_lengths old: 1; new: 1
2019-12-23 13:47:02 parso.python.diff 228 DEBUG -> code[replace] old[1:1] new[1:1]
2019-12-23 13:47:02 parso.python.diff 341 DEBUG parse_part from 1 to 1 (to 0 in part parser)
2019-12-23 13:47:02 parso.python.diff 264 DEBUG diff parser end
2019-12-23 13:48:02 parso.python.diff 213 DEBUG diff parser start
2019-12-23 13:48:02 parso.python.diff 224 DEBUG line_lengths old: 1; new: 1
2019-12-23 13:48:02 parso.python.diff 228 DEBUG -> code[replace] old[1:1] new[1:1]
2019-12-23 13:48:02 parso.python.diff 341 DEBUG parse_part from 1 to 1 (to 0 in part parser)
2019-12-23 13:48:02 parso.python.diff 264 DEBUG diff parser end
2019-12-23 13:53:02 parso.python.diff 213 DEBUG diff parser start
2019-12-23 13:53:02 parso.python.diff 224 DEBUG line_lengths old: 26; new: 28
2019-12-23 13:53:02 parso.python.diff 228 DEBUG -> code[equal] old[1:17] new[1:17]
2019-12-23 13:53:02 parso.python.diff 299 DEBUG copy old[7:21] new[1:17]
2019-12-23 13:53:02 parso.python.diff 228 DEBUG -> code[replace] old[18:18] new[18:18]
2019-12-23 13:53:02 parso.python.diff 341 DEBUG parse_part from 18 to 18 (to 18 in part parser)
2019-12-23 13:53:02 parso.python.diff 228 DEBUG -> code[equal] old[19:22] new[19:22]
2019-12-23 13:53:02 parso.python.diff 299 DEBUG copy old[19:21] new[19:21]
2019-12-23 13:53:02 parso.python.diff 341 DEBUG parse_part from 22 to 25 (to 25 in part parser)
2019-12-23 13:53:02 parso.python.diff 228 DEBUG -> code[delete] old[23:24] new[23:22]
2019-12-23 13:53:02 parso.python.diff 228 DEBUG -> code[equal] old[25:25] new[23:23]
2019-12-23 13:53:02 parso.python.diff 228 DEBUG -> code[replace] old[26:26] new[24:28]
2019-12-23 13:53:02 parso.python.diff 341 DEBUG parse_part from 26 to 27 (to 27 in part parser)
2019-12-23 13:53:02 parso.python.diff 264 DEBUG diff parser end
2019-12-23 13:53:05 parso.python.diff 213 DEBUG diff parser start
2019-12-23 13:53:05 parso.python.diff 224 DEBUG line_lengths old: 1; new: 1
2019-12-23 13:53:05 parso.python.diff 228 DEBUG -> code[replace] old[1:1] new[1:1]
2019-12-23 13:53:05 parso.python.diff 341 DEBUG parse_part from 1 to 1 (to 0 in part parser)
2019-12-23 13:53:05 parso.python.diff 264 DEBUG diff parser end
2019-12-23 13:53:15 parso.python.diff 213 DEBUG diff parser start
2019-12-23 13:53:15 parso.python.diff 224 DEBUG line_lengths old: 1; new: 1
2019-12-23 13:53:15 parso.python.diff 228 DEBUG -> code[replace] old[1:1] new[1:1]
2019-12-23 13:53:15 parso.python.diff 341 DEBUG parse_part from 1 to 1 (to 0 in part parser)
2019-12-23 13:53:15 parso.python.diff 264 DEBUG diff parser end
2019-12-23 13:53:17 parso.python.diff 213 DEBUG diff parser start
2019-12-23 13:53:17 parso.python.diff 224 DEBUG line_lengths old: 1; new: 1
2019-12-23 13:53:17 parso.python.diff 228 DEBUG -> code[replace] old[1:1] new[1:1]
2019-12-23 13:53:17 parso.python.diff 341 DEBUG parse_part from 1 to 1 (to 0 in part parser)
2019-12-23 13:53:17 parso.python.diff 264 DEBUG diff parser end
2019-12-23 13:55:53 parso.python.diff 213 DEBUG diff parser start
2019-12-23 13:55:53 parso.python.diff 224 DEBUG line_lengths old: 1; new: 1
2019-12-23 13:55:53 parso.python.diff 228 DEBUG -> code[replace] old[1:1] new[1:1]
2019-12-23 13:55:53 parso.python.diff 341 DEBUG parse_part from 1 to 1 (to 0 in part parser)
2019-12-23 13:55:53 parso.python.diff 264 DEBUG diff parser end
2019-12-23 13:55:55 parso.python.diff 213 DEBUG diff parser start
2019-12-23 13:55:55 parso.python.diff 224 DEBUG line_lengths old: 1; new: 1
2019-12-23 13:55:55 parso.python.diff 228 DEBUG -> code[replace] old[1:1] new[1:1]
2019-12-23 13:55:55 parso.python.diff 341 DEBUG parse_part from 1 to 1 (to 0 in part parser)
2019-12-23 13:55:55 parso.python.diff 264 DEBUG diff parser end
2019-12-23 13:55:59 parso.python.diff 213 DEBUG diff parser start
2019-12-23 13:55:59 parso.python.diff 224 DEBUG line_lengths old: 1; new: 1
2019-12-23 13:55:59 parso.python.diff 228 DEBUG -> code[replace] old[1:1] new[1:1]
2019-12-23 13:55:59 parso.python.diff 341 DEBUG parse_part from 1 to 1 (to 0 in part parser)
2019-12-23 13:55:59 parso.python.diff 264 DEBUG diff parser end
2019-12-23 13:55:59 parso.cache 126 DEBUG pickle loaded: /home/vagrant/project/ops/apps/idcs/__init__.py
2019-12-23 13:56:01 parso.python.diff 213 DEBUG diff parser start
2019-12-23 13:56:01 parso.python.diff 224 DEBUG line_lengths old: 1; new: 1
2019-12-23 13:56:01 parso.python.diff 228 DEBUG -> code[replace] old[1:1] new[1:1]
2019-12-23 13:56:01 parso.python.diff 341 DEBUG parse_part from 1 to 1 (to 0 in part parser)
2019-12-23 13:56:01 parso.python.diff 264 DEBUG diff parser end
2019-12-23 13:56:01 parso.cache 126 DEBUG pickle loaded: /home/vagrant/project/env/lib/python3.6/site-packages/jedi/third_party/typeshed/stdlib/2and3/builtins.pyi
2019-12-23 13:56:04 parso.python.diff 213 DEBUG diff parser start
2019-12-23 13:56:04 parso.python.diff 224 DEBUG line_lengths old: 1; new: 1
2019-12-23 13:56:04 parso.python.diff 228 DEBUG -> code[replace] old[1:1] new[1:1]
2019-12-23 13:56:04 parso.python.diff 341 DEBUG parse_part from 1 to 1 (to 0 in part parser)
2019-12-23 13:56:04 parso.python.diff 264 DEBUG diff parser end
2019-12-23 13:56:04 parso.cache 126 DEBUG pickle loaded: /home/vagrant/project/ops/apps/idcs/models.py
2019-12-23 13:56:18 parso.python.diff 213 DEBUG diff parser start
2019-12-23 13:56:18 parso.python.diff 224 DEBUG line_lengths old: 1; new: 1
2019-12-23 13:56:18 parso.python.diff 228 DEBUG -> code[replace] old[1:1] new[1:1]
2019-12-23 13:56:18 parso.python.diff 341 DEBUG parse_part from 1 to 1 (to 0 in part parser)
2019-12-23 13:56:18 parso.python.diff 264 DEBUG diff parser end
2019-12-23 13:56:18 parso.cache 126 DEBUG pickle loaded: /home/vagrant/project/env/lib/python3.6/site-packages/jedi/third_party/typeshed/stdlib/3/sys.pyi
2019-12-23 13:56:22 parso.python.diff 213 DEBUG diff parser start
2019-12-23 13:56:22 parso.python.diff 224 DEBUG line_lengths old: 1; new: 1
2019-12-23 13:56:22 parso.python.diff 228 DEBUG -> code[replace] old[1:1] new[1:1]
2019-12-23 13:56:22 parso.python.diff 341 DEBUG parse_part from 1 to 1 (to 0 in part parser)
2019-12-23 13:56:22 parso.python.diff 264 DEBUG diff parser end
2019-12-23 13:56:35 parso.python.diff 213 DEBUG diff parser start
2019-12-23 13:56:35 parso.python.diff 224 DEBUG line_lengths old: 1; new: 1
2019-12-23 13:56:35 parso.python.diff 228 DEBUG -> code[replace] old[1:1] new[1:1]
2019-12-23 13:56:35 parso.python.diff 341 DEBUG parse_part from 1 to 1 (to 0 in part parser)
2019-12-23 13:56:35 parso.python.diff 264 DEBUG diff parser end
2019-12-23 13:56:37 parso.python.diff 213 DEBUG diff parser start
2019-12-23 13:56:37 parso.python.diff 224 DEBUG line_lengths old: 1; new: 1
2019-12-23 13:56:37 parso.python.diff 228 DEBUG -> code[replace] old[1:1] new[1:1]
2019-12-23 13:56:37 parso.python.diff 341 DEBUG parse_part from 1 to 1 (to 0 in part parser)
2019-12-23 13:56:37 parso.python.diff 264 DEBUG diff parser end
2019-12-23 13:56:37 parso.cache 126 DEBUG pickle loaded: /home/vagrant/project/env/lib/python3.6/site-packages/rest_framework/serializers.py
2019-12-23 13:56:43 parso.python.diff 213 DEBUG diff parser start
2019-12-23 13:56:43 parso.python.diff 224 DEBUG line_lengths old: 1; new: 1
2019-12-23 13:56:43 parso.python.diff 228 DEBUG -> code[replace] old[1:1] new[1:1]
2019-12-23 13:56:43 parso.python.diff 341 DEBUG parse_part from 1 to 1 (to 0 in part parser)
2019-12-23 13:56:43 parso.python.diff 264 DEBUG diff parser end
2019-12-23 13:56:51 parso.python.diff 213 DEBUG diff parser start
2019-12-23 13:56:51 parso.python.diff 224 DEBUG line_lengths old: 1; new: 1
2019-12-23 13:56:51 parso.python.diff 228 DEBUG -> code[replace] old[1:1] new[1:1]
2019-12-23 13:56:51 parso.python.diff 341 DEBUG parse_part from 1 to 1 (to 0 in part parser)
2019-12-23 13:56:51 parso.python.diff 264 DEBUG diff parser end
2019-12-23 13:57:01 parso.python.diff 213 DEBUG diff parser start
2019-12-23 13:57:01 parso.python.diff 224 DEBUG line_lengths old: 1; new: 1
2019-12-23 13:57:01 parso.python.diff 228 DEBUG -> code[replace] old[1:1] new[1:1]
2019-12-23 13:57:01 parso.python.diff 341 DEBUG parse_part from 1 to 1 (to 0 in part parser)
2019-12-23 13:57:01 parso.python.diff 264 DEBUG diff parser end
2019-12-23 13:57:02 parso.python.diff 213 DEBUG diff parser start
2019-12-23 13:57:02 parso.python.diff 224 DEBUG line_lengths old: 1; new: 1
2019-12-23 13:57:02 parso.python.diff 228 DEBUG -> code[replace] old[1:1] new[1:1]
2019-12-23 13:57:02 parso.python.diff 341 DEBUG parse_part from 1 to 1 (to 0 in part parser)
2019-12-23 13:57:02 parso.python.diff 264 DEBUG diff parser end
2019-12-23 13:57:16 parso.python.diff 213 DEBUG diff parser start
2019-12-23 13:57:16 parso.python.diff 224 DEBUG line_lengths old: 1; new: 1
2019-12-23 13:57:16 parso.python.diff 228 DEBUG -> code[replace] old[1:1] new[1:1]
2019-12-23 13:57:16 parso.python.diff 341 DEBUG parse_part from 1 to 1 (to 0 in part parser)
2019-12-23 13:57:16 parso.python.diff 264 DEBUG diff parser end
2019-12-23 13:57:18 parso.python.diff 213 DEBUG diff parser start
2019-12-23 13:57:18 parso.python.diff 224 DEBUG line_lengths old: 1; new: 1
2019-12-23 13:57:18 parso.python.diff 228 DEBUG -> code[replace] old[1:1] new[1:1]
2019-12-23 13:57:18 parso.python.diff 341 DEBUG parse_part from 1 to 1 (to 0 in part parser)
2019-12-23 13:57:18 parso.python.diff 264 DEBUG diff parser end
2019-12-23 13:57:21 parso.python.diff 213 DEBUG diff parser start
2019-12-23 13:57:21 parso.python.diff 224 DEBUG line_lengths old: 1; new: 1
2019-12-23 13:57:21 parso.python.diff 228 DEBUG -> code[replace] old[1:1] new[1:1]
2019-12-23 13:57:21 parso.python.diff 341 DEBUG parse_part from 1 to 1 (to 0 in part parser)
2019-12-23 13:57:21 parso.python.diff 264 DEBUG diff parser end
2019-12-23 13:57:27 parso.python.diff 213 DEBUG diff parser start
2019-12-23 13:57:27 parso.python.diff 224 DEBUG line_lengths old: 1; new: 1
2019-12-23 13:57:27 parso.python.diff 228 DEBUG -> code[replace] old[1:1] new[1:1]
2019-12-23 13:57:27 parso.python.diff 341 DEBUG parse_part from 1 to 1 (to 0 in part parser)
2019-12-23 13:57:27 parso.python.diff 264 DEBUG diff parser end
2019-12-23 13:57:27 parso.cache 126 DEBUG pickle loaded: /usr/local/python36/lib/python3.6/typing.py
2019-12-23 13:57:27 parso.cache 126 DEBUG pickle loaded: /home/vagrant/project/env/lib/python3.6/site-packages/jedi/third_party/typeshed/stdlib/3/typing.pyi
2019-12-23 13:57:27 parso.cache 126 DEBUG pickle loaded: /home/vagrant/project/env/lib/python3.6/site-packages/django/db/models/manager.py
2019-12-23 13:57:46 parso.python.diff 213 DEBUG diff parser start
2019-12-23 13:57:46 parso.python.diff 224 DEBUG line_lengths old: 1; new: 1
2019-12-23 13:57:46 parso.python.diff 228 DEBUG -> code[replace] old[1:1] new[1:1]
2019-12-23 13:57:46 parso.python.diff 341 DEBUG parse_part from 1 to 1 (to 0 in part parser)
2019-12-23 13:57:46 parso.python.diff 264 DEBUG diff parser end
2019-12-23 13:57:56 parso.python.diff 213 DEBUG diff parser start
2019-12-23 13:57:56 parso.python.diff 224 DEBUG line_lengths old: 1; new: 1
2019-12-23 13:57:56 parso.python.diff 228 DEBUG -> code[replace] old[1:1] new[1:1]
2019-12-23 13:57:56 parso.python.diff 341 DEBUG parse_part from 1 to 1 (to 0 in part parser)
2019-12-23 13:57:56 parso.python.diff 264 DEBUG diff parser end
2019-12-23 13:58:02 parso.python.diff 213 DEBUG diff parser start
2019-12-23 13:58:02 parso.python.diff 224 DEBUG line_lengths old: 1; new: 1
2019-12-23 13:58:02 parso.python.diff 228 DEBUG -> code[replace] old[1:1] new[1:1]
2019-12-23 13:58:02 parso.python.diff 341 DEBUG parse_part from 1 to 1 (to 0 in part parser)
2019-12-23 13:58:02 parso.python.diff 264 DEBUG diff parser end
2019-12-23 13:58:34 parso.python.diff 213 DEBUG diff parser start
2019-12-23 13:58:34 parso.python.diff 224 DEBUG line_lengths old: 1; new: 1
2019-12-23 13:58:34 parso.python.diff 228 DEBUG -> code[replace] old[1:1] new[1:1]
2019-12-23 13:58:34 parso.python.diff 341 DEBUG parse_part from 1 to 1 (to 0 in part parser)
2019-12-23 13:58:34 parso.python.diff 264 DEBUG diff parser end
2019-12-23 13:58:39 parso.python.diff 213 DEBUG diff parser start
2019-12-23 13:58:39 parso.python.diff 224 DEBUG line_lengths old: 1; new: 1
2019-12-23 13:58:39 parso.python.diff 228 DEBUG -> code[replace] old[1:1] new[1:1]
2019-12-23 13:58:39 parso.python.diff 341 DEBUG parse_part from 1 to 1 (to 0 in part parser)
2019-12-23 13:58:39 parso.python.diff 264 DEBUG diff parser end
2019-12-23 13:58:39 parso.cache 126 DEBUG pickle loaded: /home/vagrant/project/env/lib/python3.6/site-packages/rest_framework/__init__.py
2019-12-23 13:58:39 parso.cache 126 DEBUG pickle loaded: /home/vagrant/project/env/lib/python3.6/site-packages/rest_framework/renderers.py
2019-12-23 13:58:42 parso.python.diff 213 DEBUG diff parser start
2019-12-23 13:58:42 parso.python.diff 224 DEBUG line_lengths old: 1; new: 1
2019-12-23 13:58:42 parso.python.diff 228 DEBUG -> code[replace] old[1:1] new[1:1]
2019-12-23 13:58:42 parso.python.diff 341 DEBUG parse_part from 1 to 1 (to 0 in part parser)
2019-12-23 13:58:42 parso.python.diff 264 DEBUG diff parser end
2019-12-23 13:58:46 parso.python.diff 213 DEBUG diff parser start
2019-12-23 13:58:46 parso.python.diff 224 DEBUG line_lengths old: 1; new: 1
2019-12-23 13:58:46 parso.python.diff 228 DEBUG -> code[replace] old[1:1] new[1:1]
2019-12-23 13:58:46 parso.python.diff 341 DEBUG parse_part from 1 to 1 (to 0 in part parser)
2019-12-23 13:58:46 parso.python.diff 264 DEBUG diff parser end
2019-12-23 13:58:53 parso.python.diff 213 DEBUG diff parser start
2019-12-23 13:58:53 parso.python.diff 224 DEBUG line_lengths old: 1; new: 1
2019-12-23 13:58:53 parso.python.diff 228 DEBUG -> code[replace] old[1:1] new[1:1]
2019-12-23 13:58:53 parso.python.diff 341 DEBUG parse_part from 1 to 1 (to 0 in part parser)
2019-12-23 13:58:53 parso.python.diff 264 DEBUG diff parser end
2019-12-23 13:58:57 parso.python.diff 213 DEBUG diff parser start
2019-12-23 13:58:57 parso.python.diff 224 DEBUG line_lengths old: 1; new: 1
2019-12-23 13:58:57 parso.python.diff 228 DEBUG -> code[replace] old[1:1] new[1:1]
2019-12-23 13:58:57 parso.python.diff 341 DEBUG parse_part from 1 to 1 (to 0 in part parser)
2019-12-23 13:58:57 parso.python.diff 264 DEBUG diff parser end
2019-12-23 13:59:12 parso.python.diff 213 DEBUG diff parser start
2019-12-23 13:59:12 parso.python.diff 224 DEBUG line_lengths old: 1; new: 1
2019-12-23 13:59:12 parso.python.diff 228 DEBUG -> code[replace] old[1:1] new[1:1]
2019-12-23 13:59:12 parso.python.diff 341 DEBUG parse_part from 1 to 1 (to 0 in part parser)
2019-12-23 13:59:12 parso.python.diff 264 DEBUG diff parser end
2019-12-23 13:59:14 parso.python.diff 213 DEBUG diff parser start
2019-12-23 13:59:14 parso.python.diff 224 DEBUG line_lengths old: 1; new: 1
2019-12-23 13:59:14 parso.python.diff 228 DEBUG -> code[replace] old[1:1] new[1:1]
2019-12-23 13:59:14 parso.python.diff 341 DEBUG parse_part from 1 to 1 (to 0 in part parser)
2019-12-23 13:59:14 parso.python.diff 264 DEBUG diff parser end
2019-12-23 13:59:14 parso.cache 126 DEBUG pickle loaded: /home/vagrant/project/env/lib/python3.6/site-packages/rest_framework/utils/serializer_helpers.py
